--- Startup times for process: Primary/TUI ---

times in msec
 clock   self+sourced   self:  sourced script
 clock   elapsed:              other lines

000.001  000.001: --- NVIM STARTING ---
000.186  000.185: event init
000.298  000.111: early init
000.350  000.052: locale set
000.399  000.049: init first window
000.730  000.331: inits 1
000.740  000.010: window checked
000.745  000.004: parsing arguments
001.305  000.043  000.043: require('vim.shared')
001.396  000.045  000.045: require('vim.inspect')
001.454  000.043  000.043: require('vim._options')
001.456  000.147  000.059: require('vim._editor')
001.457  000.226  000.036: require('vim._init_packages')
001.459  000.487: init lua interpreter
002.036  000.578: --- NVIM STARTED ---

--- Startup times for process: Embedded ---

times in msec
 clock   self+sourced   self:  sourced script
 clock   elapsed:              other lines

000.000  000.000: --- NVIM STARTING ---
000.133  000.133: event init
000.218  000.085: early init
000.261  000.043: locale set
000.309  000.048: init first window
000.593  000.284: inits 1
000.608  000.015: window checked
000.611  000.004: parsing arguments
001.122  000.046  000.046: require('vim.shared')
001.212  000.044  000.044: require('vim.inspect')
001.270  000.044  000.044: require('vim._options')
001.272  000.146  000.059: require('vim._editor')
001.273  000.248  000.057: require('vim._init_packages')
001.275  000.415: init lua interpreter
001.346  000.071: expanding arguments
001.367  000.022: inits 2
001.681  000.313: init highlight
001.682  000.001: waiting for UI
001.902  000.220: done waiting for UI
001.925  000.022: clear screen
001.995  000.008  000.008: require('vim.keymap')
002.729  000.801  000.794: require('vim._defaults')
002.732  000.006: init default mappings & autocommands
003.097  000.058  000.058: sourcing /usr/share/nvim/runtime/ftplugin.vim
003.156  000.028  000.028: sourcing /usr/share/nvim/runtime/indent.vim
003.282  000.090  000.090: sourcing /usr/share/nvim/archlinux.lua
003.287  000.111  000.022: sourcing /etc/xdg/nvim/sysinit.vim
003.627  000.266  000.266: require('core.keymaps')
004.610  000.026  000.026: require('vim.fs')
004.637  000.217  000.191: require('vim.lsp.log')
005.496  000.856  000.856: require('vim.lsp.protocol')
007.032  000.297  000.297: require('vim.lsp._snippet_grammar')
007.150  000.114  000.114: require('vim.highlight')
007.158  000.005  000.005: require('vim.F')
007.195  001.694  001.279: require('vim.lsp.util')
007.606  000.161  000.161: require('vim.lsp.sync')
007.611  000.414  000.253: require('vim.lsp._changetracking')
007.957  000.345  000.345: require('vim.lsp.rpc')
008.030  004.316  000.790: require('vim.lsp')
032.841  029.212  024.896: require('core.options')
033.459  000.416  000.416: require('lazy')
033.504  000.020  000.020: require('ffi')
033.707  000.094  000.094: require('vim.uri')
033.718  000.210  000.116: require('vim.loader')
033.905  000.168  000.168: require('lazy.stats')
034.051  000.120  000.120: require('lazy.core.util')
034.195  000.141  000.141: require('lazy.core.config')
034.478  000.065  000.065: require('lazy.core.handler')
034.817  000.090  000.090: require('lazy.pkg')
034.822  000.233  000.143: require('lazy.core.meta')
034.833  000.353  000.120: require('lazy.core.plugin')
034.843  000.646  000.228: require('lazy.core.loader')
035.265  000.086  000.086: require('lazy.core.fragments')
039.221  000.069  000.069: require('lazy.core.handler.keys')
039.329  000.056  000.056: require('lazy.core.handler.event')
039.333  000.102  000.046: require('lazy.core.handler.ft')
039.380  000.042  000.042: require('lazy.core.handler.cmd')
041.628  000.221  000.221: sourcing /usr/share/nvim/runtime/filetype.lua
042.809  000.030  000.030: sourcing /home/igrik/.local/share/nvim/lazy/plenary.nvim/plugin/plenary.vim
043.620  000.043  000.043: sourcing /home/igrik/.local/share/nvim/lazy/nvim-web-devicons/plugin/nvim-web-devicons.vim
043.907  000.226  000.226: sourcing /home/igrik/.local/share/nvim/lazy/telescope.nvim/plugin/telescope.lua
044.969  000.991  000.991: require('telescope._extensions')
044.980  003.263  001.972: require('telescope')
045.533  000.551  000.551: require('telescope._extensions.fzy_native')
046.070  000.104  000.104: require('plenary.bit')
046.194  000.119  000.119: require('plenary.functional')
046.240  000.368  000.145: require('plenary.path')
046.266  000.457  000.089: require('plenary.strings')
046.390  000.122  000.122: require('telescope.deprecated')
046.732  000.182  000.182: require('plenary.log')
046.758  000.269  000.088: require('telescope.log')
046.981  000.039  000.039: require('plenary.compat')
046.988  000.131  000.093: require('plenary.job')
047.034  000.044  000.044: require('telescope.state')
047.049  000.289  000.114: require('telescope.utils')
047.055  000.661  000.103: require('telescope.sorters')
048.393  002.855  001.614: require('telescope.config')
049.137  000.042  000.042: sourcing /home/igrik/.local/share/nvim/lazy/which-key.nvim/plugin/which-key.lua
049.485  000.316  000.316: require('which-key')
049.584  000.096  000.096: require('which-key.config')
049.690  001.287  000.833: require('which-key')
050.331  000.060  000.060: require('notify.util.queue')
050.335  000.119  000.059: require('notify.util')
050.485  000.149  000.149: require('notify.config.highlights')
050.489  000.341  000.073: require('notify.config')
050.620  000.068  000.068: require('notify.stages')
050.686  000.063  000.063: require('notify.service.notification')
050.874  000.059  000.059: require('notify.animate.spring')
050.876  000.097  000.038: require('notify.animate')
050.880  000.192  000.095: require('notify.windows')
051.074  000.089  000.089: require('notify.service.buffer.highlights')
051.082  000.153  000.063: require('notify.service.buffer')
051.187  000.306  000.153: require('notify.service')
051.303  000.114  000.114: require('notify.stages.util')
051.307  000.816  000.074: require('notify.instance')
051.312  001.342  000.185: require('notify')
051.477  000.080  000.080: require('notify.stages.fade_in_slide_out')
052.315  000.052  000.052: require('plenary.tbl')
052.321  000.112  000.061: require('plenary.vararg.rotate')
052.322  000.229  000.116: require('plenary.vararg')
052.371  000.048  000.048: require('plenary.errors')
052.376  000.341  000.064: require('plenary.async.async')
052.617  000.063  000.063: require('plenary.async.structs')
052.645  000.161  000.099: require('plenary.async.control')
052.654  000.229  000.068: require('plenary.async.util')
052.656  000.279  000.050: require('plenary.async.tests')
052.658  000.799  000.179: require('plenary.async')
052.884  000.115  000.115: require('plenary.window.border')
052.965  000.079  000.079: require('plenary.window')
053.019  000.051  000.051: require('plenary.popup.utils')
053.023  000.363  000.119: require('plenary.popup')
054.089  000.834  000.834: require('telescope.pickers.scroller')
054.222  000.129  000.129: require('telescope.actions.state')
054.342  000.118  000.118: require('telescope.actions.utils')
054.442  000.046  000.046: require('telescope.actions.mt')
054.456  000.112  000.066: require('telescope.actions.set')
054.553  000.051  000.051: require('telescope.config.resolve')
054.556  000.098  000.047: require('telescope.pickers.entry_display')
054.599  000.042  000.042: require('telescope.from_entry')
054.753  001.729  000.396: require('telescope.actions')
054.807  000.052  000.052: require('telescope.debounce')
054.885  000.076  000.076: require('telescope.mappings')
054.939  000.052  000.052: require('telescope.pickers.highlights')
054.982  000.041  000.041: require('telescope.pickers.window')
055.070  000.044  000.044: require('telescope.algos.linked_list')
055.074  000.090  000.046: require('telescope.entry_manager')
055.114  000.039  000.039: require('telescope.pickers.multi')
055.126  003.531  000.290: require('telescope.pickers')
055.280  000.108  000.108: require('telescope.make_entry')
055.321  000.039  000.039: require('telescope.finders.async_static_finder')
055.492  000.071  000.071: require('plenary.class')
055.543  000.183  000.112: require('telescope._')
055.546  000.223  000.040: require('telescope.finders.async_oneshot_finder')
055.589  000.042  000.042: require('telescope.finders.async_job_finder')
055.593  000.466  000.054: require('telescope.finders')
055.692  000.040  000.040: require('telescope.previewers.previewer')
055.843  000.042  000.042: require('plenary.context_manager')
056.651  000.050  000.050: require('nvim-treesitter.utils')
057.370  000.049  000.049: require('vim.treesitter.language')
057.411  000.037  000.037: require('vim.func')
057.453  000.036  000.036: require('vim.func._memoize')
057.519  000.268  000.146: require('vim.treesitter.query')
057.584  000.063  000.063: require('vim.treesitter._range')
057.600  000.646  000.314: require('vim.treesitter.languagetree')
057.608  000.722  000.076: require('vim.treesitter')
058.840  002.185  001.464: require('nvim-treesitter.parsers')
059.290  000.075  000.075: require('nvim-treesitter.compat')
059.480  000.117  000.117: require('nvim-treesitter.ts_utils')
059.486  000.194  000.076: require('nvim-treesitter.tsrange')
059.547  000.059  000.059: require('nvim-treesitter.caching')
059.562  000.467  000.140: require('nvim-treesitter.query')
059.581  000.600  000.133: require('nvim-treesitter.configs')
059.586  000.741  000.141: require('nvim-treesitter.info')
059.720  000.132  000.132: require('nvim-treesitter.shell_command_selectors')
059.769  003.237  000.128: require('nvim-treesitter.install')
059.824  000.053  000.053: require('nvim-treesitter.statusline')
059.900  000.075  000.075: require('nvim-treesitter.query_predicates')
059.903  003.618  000.254: require('nvim-treesitter')
060.310  004.063  000.445: sourcing /home/igrik/.local/share/nvim/lazy/nvim-treesitter/plugin/nvim-treesitter.lua
061.823  000.088  000.088: require('nvim-treesitter.highlight')
061.973  000.116  000.116: require('nvim-treesitter.indent')
061.984  006.139  001.871: require('nvim-treesitter')
061.992  006.236  000.056: require('telescope.previewers.utils')
062.023  006.329  000.092: require('telescope.previewers.term_previewer')
064.152  001.613  001.613: require('plenary.filetype')
066.114  001.954  001.954: require('plenary.scandir')
066.321  004.295  000.729: require('telescope.previewers.buffer_previewer')
066.331  010.736  000.073: require('telescope.previewers')
066.353  014.847  000.114: require('telescope._extensions.notify')
066.408  016.705  000.436: require('notify')
067.452  000.258  000.258: require('lualine_require')
067.676  001.236  000.978: require('lualine')
067.718  000.039  000.039: require('lazy.status')
072.176  000.492  000.492: require('live-server-nvim')
074.770  000.827  000.827: require('vim.filetype')
075.362  000.031  000.031: require('luasnip.util.types')
075.367  000.073  000.042: require('luasnip.util.ext_opts')
075.533  000.030  000.030: require('luasnip.util.lazy_table')
075.573  000.037  000.037: require('luasnip.extras.filetype_functions')
075.579  000.153  000.086: require('luasnip.default_config')
075.581  000.213  000.060: require('luasnip.session')
075.583  000.613  000.327: require('luasnip.config')
075.742  000.056  000.056: require('luasnip.util.util')
075.812  000.026  000.026: require('luasnip.nodes.key_indexer')
075.858  000.043  000.043: require('luasnip.util.feedkeys')
075.864  000.119  000.050: require('luasnip.nodes.util')
075.956  000.038  000.038: require('luasnip.session.snippet_collection.source')
075.989  000.031  000.031: require('luasnip.util.table')
076.025  000.034  000.034: require('luasnip.util.auto_table')
076.030  000.165  000.062: require('luasnip.session.snippet_collection')
076.180  000.042  000.042: require('luasnip.util.select')
076.215  000.033  000.033: require('luasnip.util.time')
076.542  000.470  000.395: require('luasnip.util._builtin_vars')
076.634  000.603  000.133: require('luasnip.util.environ')
076.682  000.046  000.046: require('luasnip.util.extend_decorator')
076.809  000.073  000.073: require('luasnip.util.path')
076.933  000.065  000.065: require('luasnip.util.log')
076.938  000.126  000.061: require('luasnip.loaders.util')
076.979  000.040  000.040: require('luasnip.loaders.data')
077.075  000.095  000.095: require('luasnip.loaders.fs_watchers')
077.081  000.397  000.062: require('luasnip.loaders')
077.097  001.507  000.121: require('luasnip')
077.119  003.220  000.273: sourcing /home/igrik/.local/share/nvim/lazy/LuaSnip/plugin/luasnip.lua
077.187  000.031  000.031: sourcing /home/igrik/.local/share/nvim/lazy/LuaSnip/plugin/luasnip.vim
077.520  000.194  000.194: require('cmp.utils.api')
077.628  000.052  000.052: require('cmp.types.cmp')
077.730  000.050  000.050: require('cmp.utils.misc')
077.744  000.114  000.064: require('cmp.types.lsp')
077.776  000.030  000.030: require('cmp.types.vim')
077.778  000.256  000.059: require('cmp.types')
077.814  000.035  000.035: require('cmp.utils.highlight')
077.889  000.031  000.031: require('cmp.utils.debug')
077.898  000.082  000.050: require('cmp.utils.autocmd')
078.210  000.933  000.367: sourcing /home/igrik/.local/share/nvim/lazy/nvim-cmp/plugin/cmp.lua
078.497  000.061  000.061: require('cmp.utils.char')
078.508  000.112  000.051: require('cmp.utils.str')
078.650  000.041  000.041: require('cmp.utils.buffer')
078.663  000.115  000.074: require('cmp.utils.keymap')
078.666  000.156  000.042: require('cmp.utils.feedkeys')
078.892  000.085  000.085: require('cmp.config.mapping')
078.960  000.063  000.063: require('cmp.utils.cache')
079.098  000.054  000.054: require('cmp.config.compare')
079.100  000.136  000.081: require('cmp.config.default')
079.118  000.384  000.100: require('cmp.config')
079.130  000.463  000.078: require('cmp.utils.async')
079.270  000.072  000.072: require('cmp.utils.pattern')
079.279  000.148  000.076: require('cmp.context')
079.751  000.252  000.252: require('cmp.utils.snippet')
079.838  000.085  000.085: require('cmp.matcher')
079.855  000.484  000.147: require('cmp.entry')
079.865  000.585  000.101: require('cmp.source')
080.031  000.086  000.086: require('cmp.utils.event')
080.259  000.068  000.068: require('cmp.utils.options')
080.264  000.163  000.095: require('cmp.utils.window')
080.266  000.233  000.069: require('cmp.view.docs_view')
080.431  000.164  000.164: require('cmp.view.custom_entries_view')
080.556  000.124  000.124: require('cmp.view.wildmenu_entries_view')
080.646  000.087  000.087: require('cmp.view.native_entries_view')
080.744  000.096  000.096: require('cmp.view.ghost_text_view')
080.767  000.900  000.111: require('cmp.view')
081.167  002.856  000.492: require('cmp.core')
081.345  000.063  000.063: require('cmp.config.sources')
081.411  000.063  000.063: require('cmp.config.window')
081.492  009.255  002.088: require('cmp')
081.593  000.099  000.099: require('lspkind')
081.794  000.076  000.076: require('luasnip.session.enqueueable_operations')
082.412  000.098  000.098: require('luasnip.util.events')
082.432  000.397  000.299: require('luasnip.nodes.node')
082.563  000.129  000.129: require('luasnip.nodes.insertNode')
082.653  000.088  000.088: require('luasnip.nodes.textNode')
082.742  000.086  000.086: require('luasnip.util.mark')
082.804  000.060  000.060: require('luasnip.util.pattern_tokenizer')
082.858  000.052  000.052: require('luasnip.util.dict')
084.482  001.558  001.558: require('luasnip.util.jsregexp')
084.489  001.629  000.072: require('luasnip.nodes.util.trig_engines')
084.565  002.704  000.262: require('luasnip.nodes.snippet')
084.850  000.098  000.098: require('luasnip.util.parser.neovim_ast')
084.924  000.071  000.071: require('luasnip.util.str')
085.294  000.366  000.366: require('luasnip.util.jsregexp')
085.379  000.083  000.083: require('luasnip.util.directed_graph')
085.389  000.735  000.118: require('luasnip.util.parser.ast_utils')
085.516  000.126  000.126: require('luasnip.nodes.functionNode')
086.007  000.489  000.489: require('luasnip.nodes.choiceNode')
086.394  000.384  000.384: require('luasnip.nodes.dynamicNode')
086.540  000.144  000.144: require('luasnip.util.functions')
086.564  001.996  000.120: require('luasnip.util.parser.ast_parser')
087.193  000.628  000.628: require('luasnip.util.parser.neovim_parser')
087.229  005.433  000.106: require('luasnip.util.parser')
087.465  000.235  000.235: require('luasnip.nodes.snippetProxy')
087.916  000.434  000.434: require('luasnip.util.jsonc')
088.211  000.151  000.151: require('luasnip.nodes.duplicate')
088.217  000.288  000.137: require('luasnip.loaders.snippet_cache')
088.225  006.630  000.165: require('luasnip.loaders.from_vscode')
090.517  000.164  000.164: sourcing /home/igrik/.local/share/nvim/lazy/gruvbox-material/autoload/gruvbox_material.vim
096.243  000.026  000.026: sourcing /home/igrik/.local/share/nvim/lazy/gruvbox-material/after/syntax/text/gruvbox_material.vim
096.259  005.959  005.769: sourcing /home/igrik/.local/share/nvim/lazy/gruvbox-material/colors/gruvbox-material.vim
099.151  000.036  000.036: sourcing /home/igrik/.local/share/nvim/lazy/todo-comments.nvim/plugin/todo.vim
099.799  000.044  000.044: require('todo-comments.util')
099.810  000.135  000.090: require('todo-comments.config')
099.923  000.072  000.072: require('todo-comments.highlight')
099.925  000.113  000.041: require('todo-comments.jump')
099.927  000.656  000.408: require('todo-comments')
100.896  000.045  000.045: require('mason-core.path')
101.043  000.081  000.081: require('mason-core.functional')
101.127  000.031  000.031: require('mason-core.functional.data')
101.132  000.075  000.044: require('mason-core.functional.function')
101.189  000.037  000.037: require('mason-core.functional.relation')
101.229  000.034  000.034: require('mason-core.functional.logic')
101.240  000.339  000.111: require('mason-core.platform')
101.294  000.053  000.053: require('mason.settings')
101.296  000.693  000.257: require('mason')
101.424  000.045  000.045: require('mason-core.functional.list')
101.465  000.038  000.038: require('mason-core.functional.string')
101.482  000.171  000.087: require('mason.api.command')
101.534  000.044  000.044: require('mason-registry.sources')
101.698  000.065  000.065: require('mason-core.log')
101.701  000.122  000.057: require('mason-core.EventEmitter')
101.740  000.037  000.037: require('mason-core.optional')
101.834  000.046  000.046: require('mason-core.async')
101.867  000.030  000.030: require('mason-core.async.uv')
101.872  000.130  000.054: require('mason-core.fs')
101.885  001.514  000.318: require('mason-registry')
101.891  001.801  000.287: require('mason-tool-installer')
101.903  001.851  000.050: sourcing /home/igrik/.local/share/nvim/lazy/mason-tool-installer.nvim/plugin/mason-tool-installer.lua
104.805  000.040  000.040: require('mason-lspconfig.settings')
104.814  000.399  000.359: require('mason-lspconfig')
106.598  000.038  000.038: require('mason-lspconfig.notify')
106.608  000.120  000.081: require('mason-lspconfig.lspconfig_hook')
107.365  000.383  000.383: require('lspconfig.util')
107.388  000.464  000.081: sourcing /home/igrik/.local/share/nvim/lazy/nvim-lspconfig/plugin/lspconfig.lua
107.554  000.036  000.036: require('lspconfig.async')
107.557  000.095  000.059: require('lspconfig.configs')
107.563  000.163  000.068: require('lspconfig')
107.685  000.038  000.038: require('cmp_nvim_lsp.source')
107.688  000.085  000.047: require('cmp_nvim_lsp')
107.817  000.046  000.046: require('lspconfig.configs.arduino_language_server')
108.101  000.046  000.046: require('lspconfig.manager')
108.149  000.045  000.045: require('lspconfig.configs.clangd')
108.351  000.056  000.056: require('lspconfig.configs.html')
108.450  000.042  000.042: require('lspconfig.configs.cssls')
108.538  000.035  000.035: require('lspconfig.configs.lua_ls')
108.672  000.040  000.040: require('lspconfig.configs.bashls')
108.792  000.069  000.069: require('lspconfig.configs.pyright')
108.862  002.253  001.162: require('lspconfig.util')
109.005  000.039  000.039: require('mason-core.functional.table')
109.044  000.180  000.141: require('mason-lspconfig.mappings.server')
109.080  000.032  000.032: require('mason-lspconfig.server_config_extensions')
109.126  000.044  000.044: require('lspconfig.configs.omnisharp')
109.174  000.036  000.036: require('mason-lspconfig.ensure_installed')
109.269  000.039  000.039: require('mason-core.result')
109.478  000.120  000.120: require('mason-core.process')
109.578  000.097  000.097: require('mason-core.spawn')
109.581  000.271  000.054: require('mason-core.managers.powershell')
109.615  000.032  000.032: require('mason.version')
109.618  000.346  000.043: require('mason-core.fetch')
109.651  000.032  000.032: require('mason-core.providers')
109.819  000.084  000.084: require('mason-core.purl')
109.828  000.146  000.061: require('mason-core.package')
109.964  000.039  000.039: require('mason-core.installer.registry.expr')
109.970  000.093  000.054: require('mason-core.installer.registry.link')
110.180  000.037  000.037: require('mason-core.receipt')
110.199  000.103  000.066: require('mason-core.installer.context')
110.239  000.038  000.038: require('mason-core.async.control')
110.277  000.036  000.036: require('mason-core.installer.linker')
110.281  000.231  000.054: require('mason-core.installer')
110.292  000.289  000.058: require('mason-core.installer.managers.std')
110.294  000.322  000.033: require('mason-core.installer.registry.schemas')
110.325  000.031  000.031: require('mason-core.installer.registry.util')
110.332  000.503  000.057: require('mason-core.installer.registry')
110.334  000.681  000.032: require('mason-registry.sources.util')
110.341  001.157  000.059: require('mason-registry.sources.github')
115.126  000.045  000.045: require('mason-core.functional.number')
115.157  000.146  000.101: require('mason-lspconfig.api.command')
115.165  011.092  006.725: require('mason-lspconfig')
117.108  000.033  000.033: require('null-ls.utils.tbl_flatten')
117.124  000.110  000.076: require('null-ls.utils')
117.309  000.182  000.182: require('vim.diagnostic')
117.378  000.405  000.113: require('null-ls.config')
117.466  000.040  000.040: require('null-ls.helpers.cache')
117.503  000.034  000.034: require('null-ls.helpers.check_exit_code')
117.551  000.047  000.047: require('null-ls.helpers.diagnostics')
117.586  000.033  000.033: require('null-ls.helpers.formatter_factory')
117.689  000.041  000.041: require('null-ls.logger')
117.770  000.079  000.079: require('null-ls.state')
117.773  000.186  000.065: require('null-ls.helpers.generator_factory')
117.857  000.039  000.039: require('null-ls.helpers.command_resolver')
117.859  000.085  000.046: require('null-ls.helpers.make_builtin')
117.896  000.036  000.036: require('null-ls.helpers.range_formatting_args_factory')
117.898  000.518  000.058: require('null-ls.helpers')
118.112  000.111  000.111: require('null-ls.methods')
118.118  000.166  000.055: require('null-ls.diagnostics')
118.124  000.225  000.059: require('null-ls.sources')
118.169  000.042  000.042: require('null-ls.builtins')
118.171  001.489  000.298: require('null-ls')
118.250  000.072  000.072: require('null-ls.builtins.formatting.prettier')
118.384  000.094  000.094: require('null-ls.builtins.formatting.stylua')
118.437  000.050  000.050: require('null-ls.builtins.formatting.black')
118.524  000.047  000.047: require('null-ls.builtins.formatting.shfmt')
118.581  000.045  000.045: require('null-ls.builtins.formatting.clang_format')
119.059  000.053  000.053: require('null-ls.loop')
119.066  000.128  000.075: require('null-ls.client')
119.097  002.628  000.703: require('null-ls')
119.099  002.686  000.058: require('mason-null-ls.automatic_setup')
119.101  003.711  001.026: require('mason-null-ls')
119.154  000.052  000.052: require('mason-null-ls.settings')
119.206  000.040  000.040: require('mason-null-ls.ensure_installed')
119.351  000.045  000.045: require('mason-null-ls.automatic_installation')
119.427  000.045  000.045: require('mason-null-ls.mappings.source')
124.484  000.123  000.123: require('mason-core.functional.type')
134.093  000.040  000.040: require('mason-core.notify')
134.137  000.176  000.137: require('mason-null-ls.api.command')
134.143  018.977  014.785: require('mason-null-ls.mappings.source')
134.814  000.309  000.309: require('rainbow-delimiters.config')
134.867  000.050  000.050: require('rainbow-delimiters.log')
134.944  000.031  000.031: require('rainbow-delimiters.util')
134.948  000.079  000.047: require('rainbow-delimiters.lib')
135.094  000.032  000.032: require('rainbow-delimiters.stack')
135.159  000.030  000.030: require('rainbow-delimiters.set')
135.162  000.066  000.035: require('rainbow-delimiters.match-tree')
135.164  000.143  000.045: require('rainbow-delimiters.strategy.global.current')
135.165  000.179  000.036: require('rainbow-delimiters.strategy.global')
135.176  000.225  000.046: require('rainbow-delimiters.default')
135.222  000.763  000.101: sourcing /home/igrik/.local/share/nvim/lazy/rainbow-delimiters.nvim/plugin/rainbow-delimiters.lua
135.368  000.042  000.042: require('rainbow-delimiters.strategy.local.current')
135.370  000.076  000.034: require('rainbow-delimiters.strategy.local')
135.401  000.029  000.029: require('rainbow-delimiters.strategy.no-op')
135.403  000.148  000.043: require('rainbow-delimiters')
136.061  000.052  000.052: require('cmake-tools.osys')
136.095  000.030  000.030: require('cmake-tools.result')
136.127  000.030  000.030: require('cmake-tools.types')
136.163  000.034  000.034: require('cmake-tools.notification')
136.194  000.029  000.029: require('cmake-tools.scratch')
136.198  000.232  000.057: require('cmake-tools.utils')
136.243  000.043  000.043: require('cmake-tools.const')
136.358  000.030  000.030: require('simpleyaml')
136.362  000.070  000.040: require('cmake-tools.variants')
136.370  000.126  000.056: require('cmake-tools.config')
136.405  000.033  000.033: require('cmake-tools.kits')
136.476  000.038  000.038: require('cmake-tools.preset')
136.479  000.073  000.036: require('cmake-tools.presets')
136.507  000.027  000.027: require('cmake-tools.log')
136.538  000.029  000.029: require('cmake-tools.hints')
136.588  000.049  000.049: require('cmake-tools.session')
136.629  000.039  000.039: require('cmake-tools.window')
136.658  000.027  000.027: require('cmake-tools.environment')
136.692  000.032  000.032: require('cmake-tools.file_picker')
136.795  000.072  000.072: require('cmake-tools.terminal')
136.797  000.103  000.031: require('cmake-tools.test.ctest')
136.957  001.405  000.591: require('cmake-tools')
137.111  000.053  000.053: require('cmake-tools.quickstart.etlua')
137.143  000.129  000.076: require('cmake-tools.quickstart')
137.149  001.641  000.107: sourcing /home/igrik/.local/share/nvim/lazy/cmake-tools.nvim/plugin/cmake-tools.lua
137.655  000.039  000.039: require('cmake-tools.quickfix')
137.820  000.163  000.163: require('cmake-tools.overseer')
138.343  000.304  000.304: require('toggleterm.lazy')
138.375  000.029  000.029: require('toggleterm.constants')
138.522  000.111  000.111: require('toggleterm.terminal')
138.527  000.669  000.224: require('toggleterm')
138.530  000.708  000.038: require('cmake-tools.toggleterm')
138.566  000.035  000.035: require('cmake-tools.vimux')
138.568  000.992  000.048: require('cmake-tools.executors')
138.601  000.031  000.031: require('cmake-tools.runners')
138.656  000.036  000.036: require('telescope._extensions.cmake_tools')
139.915  000.078  000.078: sourcing /home/igrik/.local/share/nvim/lazy/nvim-dap/plugin/dap.lua
140.389  000.047  000.047: require('dap.utils')
140.489  000.251  000.205: require('dap')
140.497  000.547  000.296: require('nvim-dap-virtual-text')
140.677  000.043  000.043: require('nio.tasks')
140.720  000.041  000.041: require('nio.control')
140.788  000.066  000.066: require('nio.uv')
140.845  000.055  000.055: require('nio.tests')
140.907  000.033  000.033: require('vim.ui')
140.912  000.065  000.033: require('nio.ui')
140.972  000.031  000.031: require('nio.streams')
140.974  000.061  000.029: require('nio.file')
141.062  000.025  000.025: require('nio.util')
141.095  000.088  000.063: require('nio.logger')
141.099  000.125  000.036: require('nio.lsp')
141.135  000.034  000.034: require('nio.process')
141.142  000.551  000.062: require('nio')
141.418  000.057  000.057: require('dapui.config.highlights')
141.563  000.331  000.275: require('dapui.config')
141.568  000.379  000.048: require('dapui.util')
141.613  000.044  000.044: require('dapui.windows.layout')
141.617  000.473  000.050: require('dapui.windows')
141.656  000.038  000.038: require('dapui.controls')
141.661  001.124  000.062: require('dapui')
141.979  000.048  000.048: require('dapui.client.types')
141.983  000.100  000.052: require('dapui.client')
142.023  000.040  000.040: require('dap.breakpoints')
142.065  000.032  000.032: require('dapui.client.lib')
142.159  000.043  000.043: require('dapui.render.canvas')
142.161  000.089  000.046: require('dapui.elements.breakpoints')
142.228  000.040  000.040: require('dapui.components.breakpoints')
142.272  000.030  000.030: require('dapui.elements.repl')
142.305  000.029  000.029: require('dapui.elements.scopes')
142.345  000.030  000.030: require('dapui.components.scopes')
142.379  000.032  000.032: require('dapui.components.variables')
142.415  000.028  000.028: require('dapui.elements.stacks')
142.485  000.030  000.030: require('dapui.components.frames')
142.486  000.061  000.030: require('dapui.components.threads')
142.530  000.031  000.031: require('dapui.elements.watches')
142.573  000.033  000.033: require('dapui.components.watches')
142.620  000.038  000.038: require('dapui.elements.hover')
142.660  000.030  000.030: require('dapui.components.hover')
142.694  000.030  000.030: require('dapui.elements.console')
142.828  004.160  001.740: require('dap')
143.030  000.055  000.055: sourcing /usr/share/nvim/runtime/plugin/editorconfig.lua
143.197  000.143  000.143: sourcing /usr/share/nvim/runtime/plugin/gzip.vim
143.295  000.052  000.052: sourcing /usr/share/nvim/runtime/plugin/man.lua
143.836  000.185  000.185: sourcing /usr/share/nvim/runtime/pack/dist/opt/matchit/plugin/matchit.vim
143.853  000.536  000.352: sourcing /usr/share/nvim/runtime/plugin/matchit.vim
144.002  000.122  000.122: sourcing /usr/share/nvim/runtime/plugin/matchparen.vim
144.275  000.248  000.248: sourcing /usr/share/nvim/runtime/plugin/netrwPlugin.vim
144.347  000.046  000.046: sourcing /usr/share/nvim/runtime/plugin/osc52.lua
144.498  000.127  000.127: sourcing /usr/share/nvim/runtime/plugin/rplugin.vim
144.605  000.049  000.049: sourcing /usr/share/nvim/runtime/plugin/shada.vim
144.646  000.016  000.016: sourcing /usr/share/nvim/runtime/plugin/spellfile.vim
144.743  000.074  000.074: sourcing /usr/share/nvim/runtime/plugin/tarPlugin.vim
144.819  000.046  000.046: sourcing /usr/share/nvim/runtime/plugin/tohtml.lua
144.866  000.017  000.017: sourcing /usr/share/nvim/runtime/plugin/tutor.vim
145.011  000.116  000.116: sourcing /usr/share/nvim/runtime/plugin/zipPlugin.vim
145.295  000.066  000.066: require('cmp_nvim_lsp_signature_help')
145.334  000.139  000.073: sourcing /home/igrik/.local/share/nvim/lazy/cmp-nvim-lsp-signature-help/after/plugin/cmp_nvim_lsp_signature_help.lua
145.545  000.122  000.122: require('cmp_cmdline')
145.567  000.177  000.056: sourcing /home/igrik/.local/share/nvim/lazy/cmp-cmdline/after/plugin/cmp_cmdline.lua
145.737  000.073  000.073: require('cmp_path')
145.758  000.123  000.050: sourcing /home/igrik/.local/share/nvim/lazy/cmp-path/after/plugin/cmp_path.lua
146.037  000.037  000.037: require('cmp_buffer.timer')
146.041  000.094  000.057: require('cmp_buffer.buffer')
146.045  000.141  000.047: require('cmp_buffer.source')
146.047  000.177  000.036: require('cmp_buffer')
146.066  000.227  000.050: sourcing /home/igrik/.local/share/nvim/lazy/cmp-buffer/after/plugin/cmp_buffer.lua
146.155  000.040  000.040: sourcing /home/igrik/.local/share/nvim/lazy/cmp-nvim-lsp/after/plugin/cmp_nvim_lsp.lua
146.200  142.889  020.061: sourcing /home/igrik/.config/nvim/init.lua
146.207  000.389: sourcing vimrc file(s)
146.699  000.042  000.042: sourcing /usr/share/nvim/runtime/filetype.lua
146.987  000.062  000.062: sourcing /usr/share/nvim/runtime/syntax/synload.vim
147.060  000.286  000.223: sourcing /usr/share/nvim/runtime/syntax/syntax.vim
147.069  000.534: inits 3
149.464  002.394: reading ShaDa
149.724  000.118  000.118: require('luasnip.loaders.from_lua')
149.821  000.091  000.091: require('luasnip.loaders.from_snipmate')
149.856  000.184: opening buffers
149.958  000.102: BufEnter autocommands
149.962  000.004: editing files in windows
150.368  000.094  000.094: require('dap.ui')
150.383  000.245  000.152: require('dap.repl')
150.389  000.182: --- NVIM STARTED ---

